<?xml version="1.0" encoding="UTF-8"?>
<testng-results ignored="0" total="1" passed="1" failed="0" skipped="0">
  <reporter-output>
  </reporter-output>
  <suite started-at="2023-06-02T17:34:32 AEST" name="Default suite" finished-at="2023-06-02T17:35:01 AEST" duration-ms="28606">
    <groups>
    </groups>
    <test started-at="2023-06-02T17:34:32 AEST" name="Default test" finished-at="2023-06-02T17:35:01 AEST" duration-ms="28606">
      <class name="com.testscripts.LoginTest">
        <test-method signature="login()[pri:0, instance:com.testscripts.LoginTest@16ec5519]" started-at="2023-06-02T17:34:32 AEST" name="login" finished-at="2023-06-02T17:35:01 AEST" duration-ms="28499" status="PASS">
          <reporter-output>
          </reporter-output>
        </test-method> <!-- login -->
      </class> <!-- com.testscripts.LoginTest -->
    </test> <!-- Default test -->
  </suite> <!-- Default suite -->
</testng-results>
